// Improve FastAPI endpoint stability 1758583494
// Enhance progress dashboard rendering 1758583494
// Add concurrent download optimization 1758583494
// Improve FastAPI endpoint stability 1758583494
// Improve terminal color contrast 1758583619
// Improve terminal color contrast 1758583620
// Add unit tests for downloader 1758583620
// Add unit tests for downloader 1758583620
// Reduce memory footprint during large downloads 1758583620
// Refactor asyncio error handling 1758583620
// Improve FastAPI endpoint stability 1758637083
// Refactor asyncio error handling 1758637083
// Improve terminal color contrast 1758637083
// Document new CLI flags in README 1758637083
// Improve exception logging in manager 1758637083
// Reduce memory footprint during large downloads 1758637083
// Improve terminal color contrast 1758723338
// Document new CLI flags in README 1758723338
// Improve FastAPI endpoint stability 1758723338
// Add config for custom download directory 1758723338
// Reduce memory footprint during large downloads 1758723338
// Enhance progress dashboard rendering 1758809925
// Add config for custom download directory 1758809925
// Add config for custom download directory 1758809925
// Improve exception logging in manager 1758809925
// Add concurrent download optimization 1758809925
// Improve terminal color contrast 1758809925
// Add checksum verification after download 1758809925
// Enhance progress dashboard rendering 1758809925
// Refactor asyncio error handling 1758809925
// Reduce memory footprint during large downloads 1758809925
// Add unit tests for downloader 1758896167
// Improve terminal color contrast 1758896167
// Refactor asyncio error handling 1758896167
// Improve terminal color contrast 1758896167
// Document new CLI flags in README 1758896167
// Add config for custom download directory 1758896167
// Document new CLI flags in README 1758896167
// Improve exception logging in manager 1758896167
// Document new CLI flags in README 1758896167
// Improve exception logging in manager 1758896167
// Add checksum verification after download 1758982455
// Improve FastAPI endpoint stability 1758982455
// Add checksum verification after download 1758982455
// Improve terminal color contrast 1758982455
// Add config for custom download directory 1758982455
// Update aiohttp dependency 1758982455
// Add unit tests for downloader 1759068812
// Fix resume-download edge case 1759068812
// Fix resume-download edge case 1759068812
// Document new CLI flags in README 1759068812
// Add config for custom download directory 1759068812
// Document new CLI flags in README 1759068812
// Enhance progress dashboard rendering 1759068812
// Add config for custom download directory 1759068812
// Fix resume-download edge case 1759068812
// Add concurrent download optimization 1759155490
// Update aiohttp dependency 1759155490
// Add checksum verification after download 1759241891
// Enhance progress dashboard rendering 1759241891
// Update aiohttp dependency 1759241891
// Update aiohttp dependency 1759241891
// Add concurrent download optimization 1759241891
// Improve exception logging in manager 1759241891
// Improve FastAPI endpoint stability 1759241891
// Improve terminal color contrast 1759241891
// Reduce memory footprint during large downloads 1759241891
// Fix resume-download edge case 1759241891
// Refactor asyncio error handling 1759328308
// Document new CLI flags in README 1759328308
// Add config for custom download directory 1759414631
// Fix resume-download edge case 1759414631
// Enhance progress dashboard rendering 1759414631
// Enhance progress dashboard rendering 1759414631
// Improve FastAPI endpoint stability 1759414631
// Add checksum verification after download 1759414631
// Add unit tests for downloader 1759414631
// Improve terminal color contrast 1759414631
// Add concurrent download optimization 1759414631
// Add unit tests for downloader 1759414631
// Improve terminal color contrast 1759500990
// Document new CLI flags in README 1759500990
// Add concurrent download optimization 1759500990
// Add unit tests for downloader 1759530349
// Document new CLI flags in README 1759530349
// Refactor asyncio error handling 1759530349
// Reduce memory footprint during large downloads 1759530349
// Add unit tests for downloader 1759530349
// Improve FastAPI endpoint stability 1759530349
// Improve terminal color contrast 1759530349
// Refactor asyncio error handling 1759530349
// Update aiohttp dependency 1759587237
// Fix resume-download edge case 1759587237
// Fix resume-download edge case 1759587237
// Add unit tests for downloader 1759587237
// Document new CLI flags in README 1759587237
// Enhance progress dashboard rendering 1759587237
// Reduce memory footprint during large downloads 1759587237
// Reduce memory footprint during large downloads 1759587237
// Document new CLI flags in README 1759587237
// Improve FastAPI endpoint stability 1759673647
// Update aiohttp dependency 1759673647
// Enhance progress dashboard rendering 1759760274
// Fix resume-download edge case 1759760274
// Improve FastAPI endpoint stability 1759760274
// Improve exception logging in manager 1759760274
// Reduce memory footprint during large downloads 1759790578
// Add concurrent download optimization 1759790578
// Improve FastAPI endpoint stability 1759790578
// Reduce memory footprint during large downloads 1759790680
// Add config for custom download directory 1759790680
// Improve exception logging in manager 1759790680
// Improve FastAPI endpoint stability 1759790680
// Fix resume-download edge case 1759790680
// Reduce memory footprint during large downloads 1759846745
// Reduce memory footprint during large downloads 1759846745
// Add concurrent download optimization 1759846745
// Add unit tests for downloader 1759846745
// Reduce memory footprint during large downloads 1759846745
// Document new CLI flags in README 1759846745
// Refactor asyncio error handling 1759846745
// Reduce memory footprint during large downloads 1759846745
// Reduce memory footprint during large downloads 1759846745
// Add concurrent download optimization 1759933111
// Improve terminal color contrast 1759933111
// Improve terminal color contrast 1759933111
// Refactor asyncio error handling 1759933111
// Add config for custom download directory 1759933111
// Add concurrent download optimization 1759933111
// Add concurrent download optimization 1759994214
// Refactor asyncio error handling 1759994214
// Add concurrent download optimization 1759994222
// Improve terminal color contrast 1759994222
// Update aiohttp dependency 1759994222
// Add checksum verification after download 1759994222
// Update aiohttp dependency 1759994222
// Fix resume-download edge case 1759994222
// Refactor asyncio error handling 1759994222
// Refactor asyncio error handling 1759994222
// Enhance progress dashboard rendering 1760019485
// Add unit tests for downloader 1760019485
// Improve FastAPI endpoint stability 1760023337
// Document new CLI flags in README 1760023337
// Reduce memory footprint during large downloads 1760023337
// Improve FastAPI endpoint stability 1760023337
// Refactor asyncio error handling 1760023337
// Fix resume-download edge case 1760023337
// Update aiohttp dependency 1760023337
// Fix resume-download edge case 1760023421
// Enhance progress dashboard rendering 1760023421
// Document new CLI flags in README 1760023421
// Reduce memory footprint during large downloads 1760023421
// Document new CLI flags in README 1760023421
// Add config for custom download directory 1760023421
// Add unit tests for downloader 1760023421
// Refactor asyncio error handling 1760023421
// Refactor asyncio error handling 1760023421
// Fix resume-download edge case 1760023521
// Add concurrent download optimization 1760023521
// Update aiohttp dependency 1760023521
// Add checksum verification after download 1760105863
// Improve FastAPI endpoint stability 1760105863
// Update aiohttp dependency 1760105863
// Enhance progress dashboard rendering 1760105863
// Add concurrent download optimization 1760105863
// Add checksum verification after download 1760192010
// Refactor asyncio error handling 1760192010
// Add checksum verification after download 1760192010
// Fix resume-download edge case 1760192010
// Refactor asyncio error handling 1760192010
// Add concurrent download optimization 1760192010
// Enhance progress dashboard rendering 1760192010
// Add concurrent download optimization 1760278454
// Update aiohttp dependency 1760278454
// Add checksum verification after download 1760278454
// Document new CLI flags in README 1760278454
// Add config for custom download directory 1760278454
// Add checksum verification after download 1760278454
// Refactor asyncio error handling 1760278454
// Enhance progress dashboard rendering 1760278454
// Improve terminal color contrast 1760278454
// Add checksum verification after download 1760365151
// Add concurrent download optimization 1760365151
// Add unit tests for downloader 1760365151
// Add config for custom download directory 1760365151
// Improve FastAPI endpoint stability 1760365151
// Enhance progress dashboard rendering 1760365151
// Improve exception logging in manager 1760365151
// Add config for custom download directory 1760365151
// Fix resume-download edge case 1760365151
// Add unit tests for downloader 1760365151
// Add checksum verification after download 1760451560
// Reduce memory footprint during large downloads 1760451560
// Add unit tests for downloader 1760451560
// Add config for custom download directory 1760451560
// Enhance progress dashboard rendering 1760451560
// Reduce memory footprint during large downloads 1760537945
// Update aiohttp dependency 1760537945
// Add concurrent download optimization 1760537945
// Reduce memory footprint during large downloads 1760624361
// Improve FastAPI endpoint stability 1760624361
// Reduce memory footprint during large downloads 1760624361
// Add config for custom download directory 1760624361
// Improve terminal color contrast 1760624361
// Improve exception logging in manager 1760624361
// Document new CLI flags in README 1760624361
// Improve exception logging in manager 1760710672
// Improve FastAPI endpoint stability 1760710672
// Add config for custom download directory 1760710672
// Add unit tests for downloader 1760710672
// Add config for custom download directory 1760710672
// Add config for custom download directory 1760710672
// Fix resume-download edge case 1760710673
// Update aiohttp dependency 1760796889
// Improve exception logging in manager 1760796889
// Add unit tests for downloader 1760796889
// Improve terminal color contrast 1760796889
// Update aiohttp dependency 1760796889
// Add config for custom download directory 1760883278
// Improve terminal color contrast 1760883278
// Document new CLI flags in README 1760883278
// Improve exception logging in manager 1760969862
// Fix resume-download edge case 1760969862
// Add config for custom download directory 1760969862
// Add unit tests for downloader 1760969862
// Fix resume-download edge case 1760969862
// Fix resume-download edge case 1760969862
// Reduce memory footprint during large downloads 1760969862
// Enhance progress dashboard rendering 1760969862
// Improve exception logging in manager 1760969862
// Fix resume-download edge case 1761056256
// Add unit tests for downloader 1761056256
// Document new CLI flags in README 1761056256
// Improve FastAPI endpoint stability 1761056256
// Refactor asyncio error handling 1761056256
// Refactor asyncio error handling 1761056256
// Document new CLI flags in README 1761056256
// Reduce memory footprint during large downloads 1761056256
// Update aiohttp dependency 1761142794
// Improve terminal color contrast 1761142794
// Update aiohttp dependency 1761142794
// Add checksum verification after download 1761142794
